<?xml version="1.0" encoding="UTF-8"?>
<!-- Generated by org.testng.reporters.JUnitXMLReporter -->
<testsuite ignored="0" hostname="Family" failures="1" tests="1" name="Chrome(failed)" time="13.299" errors="0" timestamp="2025-06-15T18:18:40 IST">
  <testcase classname="io.cucumber.testng.AbstractTestNGCucumberTests" name="runScenario" time="11.399">
    <failure type="java.lang.NullPointerException" message="Cannot invoke &amp;quot;org.openqa.selenium.WebDriver.quit()&amp;quot; because the return value of &amp;quot;drivers.DriverFactory.getDriver()&amp;quot; is null">
      <![CDATA[java.lang.NullPointerException: Cannot invoke "org.openqa.selenium.WebDriver.quit()" because the return value of "drivers.DriverFactory.getDriver()" is null
at drivers.DriverFactory.quitDriver(DriverFactory.java:31)
at hooks.ExtentReportHooks.afterScenario(ExtentReportHooks.java:52)
]]>
    </failure>
  </testcase> <!-- runScenario -->
</testsuite> <!-- Chrome(failed) -->
